<?xml version="1.0" encoding="UTF-8"?>
<!-- Generated by org.testng.reporters.JUnitReportReporter -->
<testsuite hostname="sasidhars-MacBook-Air.local" failures="0" tests="3" name="com.selenium.first.Demo" time="0.015" errors="0" timestamp="9 Mar 2026 14:24:47 GMT">
  <testcase classname="com.selenium.first.Demo" name="registerTest" time="0.008"/>
  <testcase classname="com.selenium.first.Demo" name="logoutTest" time="0.002"/>
  <testcase classname="com.selenium.first.Demo" name="loginTest" time="0.005"/>
</testsuite> <!-- com.selenium.first.Demo -->
