<?xml version="1.0" encoding="UTF-8"?>
<!-- Generated by org.testng.reporters.JUnitReportReporter -->
<testsuite hostname="sasidhars-MacBook-Air.local" failures="0" tests="2" name="com.selenium.first.DemoPageTitleAssertion" time="9.312" errors="0" timestamp="10 Mar 2026 14:08:24 GMT">
  <testcase classname="com.selenium.first.DemoPageTitleAssertion" name="testPageTitle" time="7.956"/>
  <testcase classname="com.selenium.first.DemoPageTitleAssertion" name="searchComputer" time="1.356"/>
</testsuite> <!-- com.selenium.first.DemoPageTitleAssertion -->
